<?xml version="1.0" encoding="utf-8"?><testsuites><testsuite name="pytest" errors="0" failures="0" skipped="0" tests="3" time="323.761" timestamp="2023-08-02T23:09:46.588682" hostname="LAPTOP-4VQ070E6"><testcase classname="test_anugularPractice.TestHomePage" name="test_FormSubmission[getData0]" time="259.009" /><testcase classname="test_anugularPractice.TestHomePage" name="test_FormSubmission[getData1]" time="15.705" /><testcase classname="test_e2e.TestOne" name="test_e2e" time="48.151" /></testsuite></testsuites>